warn The configuration property `package.json#prisma` is deprecated and will be removed in Prisma 7. Please migrate to a Prisma config file (e.g., `prisma.config.ts`).
For more information, see: https://pris.ly/prisma-config

Prisma schema loaded from prisma/schema.prisma
Datasource "db": SQLite database "fincal.db" at "file:/data/fincal.db"

SQLite database fincal.db created at file:/data/fincal.db

1 migration found in prisma/migrations

Applying migration `20260708232322_init`

The following migration(s) have been applied:

migrations/
  └─ 20260708232322_init/
    └─ migration.sql
      
All migrations have been successfully applied.
warn The configuration property `package.json#prisma` is deprecated and will be removed in Prisma 7. Please migrate to a Prisma config file (e.g., `prisma.config.ts`).
For more information, see: https://pris.ly/prisma-config

Running seed command `tsx prisma/seed.ts` ...
┌─────────────────────────────────────────────────────────┐
│  Update available 6.19.3 -> 7.8.0                       │
│                                                         │
│  This is a major update - please follow the guide at    │
│  https://pris.ly/d/major-version-upgrade                │
│                                                         │
│  Run the following to update                            │
│    npm i --save-dev prisma@latest                       │
│    npm i @prisma/client@latest                          │
└─────────────────────────────────────────────────────────┘

🌱  The seed command has been executed.

> fincal@0.1.0 start
> next start

  ▲ Next.js 14.2.35
  - Local:        http://localhost:3000

 ✓ Starting...
 ⚠ "next start" does not work with "output: standalone" configuration. Use "node .next/standalone/server.js" instead.
 ✓ Ready in 377ms
